<?xml version="1.0" encoding="UTF-8"?>
<!-- Generated by org.testng.reporters.JUnitXMLReporter -->
<testsuite ignored="0" hostname="LAPTOP-KA9VHP1F" failures="0" tests="3" name="Default test" time="5.298" errors="0" timestamp="2023-05-15T14:11:05 IST">
  <testcase classname="apitests.Reqres_tests" name="testcreateuser" time="4.286"/>
  <testcase classname="apitests.Reqres_tests" name="getuser" time="0.904"/>
  <testcase classname="apitests.Reqres_tests" name="putuser" time="0.005"/>
</testsuite> <!-- Default test -->
