<?xml version="1.0" encoding="UTF-8"?>
<testng-results ignored="0" total="3" passed="3" failed="0" skipped="0">
  <reporter-output>
  </reporter-output>
  <suite started-at="2023-05-15T14:11:00 IST" name="Default suite" finished-at="2023-05-15T14:11:05 IST" duration-ms="5298">
    <groups>
    </groups>
    <test started-at="2023-05-15T14:11:00 IST" name="Default test" finished-at="2023-05-15T14:11:05 IST" duration-ms="5298">
      <class name="apitests.Reqres_tests">
        <test-method is-config="true" signature="convertpojotoJson()[pri:0, instance:apitests.Reqres_tests@4466af20]" started-at="2023-05-15T14:11:00 IST" name="convertpojotoJson" finished-at="2023-05-15T14:11:00 IST" duration-ms="16" status="PASS">
          <reporter-output>
          </reporter-output>
        </test-method> <!-- convertpojotoJson -->
        <test-method signature="testcreateuser(org.testng.ITestContext)[pri:1, instance:apitests.Reqres_tests@4466af20]" started-at="2023-05-15T14:11:00 IST" name="testcreateuser" finished-at="2023-05-15T14:11:04 IST" duration-ms="4286" status="PASS">
          <params>
            <param index="0">
              <value>
                <![CDATA[org.testng.TestRunner@7ee8290b]]>
              </value>
            </param>
          </params>
          <reporter-output>
          </reporter-output>
        </test-method> <!-- testcreateuser -->
        <test-method signature="getuser()[pri:2, instance:apitests.Reqres_tests@4466af20]" started-at="2023-05-15T14:11:04 IST" name="getuser" finished-at="2023-05-15T14:11:05 IST" duration-ms="904" status="PASS">
          <reporter-output>
          </reporter-output>
        </test-method> <!-- getuser -->
        <test-method signature="putuser(org.testng.ITestContext)[pri:3, instance:apitests.Reqres_tests@4466af20]" started-at="2023-05-15T14:11:05 IST" name="putuser" finished-at="2023-05-15T14:11:05 IST" duration-ms="5" status="PASS">
          <params>
            <param index="0">
              <value>
                <![CDATA[org.testng.TestRunner@7ee8290b]]>
              </value>
            </param>
          </params>
          <reporter-output>
          </reporter-output>
        </test-method> <!-- putuser -->
      </class> <!-- apitests.Reqres_tests -->
    </test> <!-- Default test -->
  </suite> <!-- Default suite -->
</testng-results>
